<?xml version="1.0" encoding="UTF-8"?>
<!-- Generated by org.testng.reporters.JUnitReportReporter -->
<testsuite hostname="QT-UK-LT1301" failures="0" tests="1" name="tests.testCase" time="20.245" errors="0" timestamp="2022-09-08T18:41:00 BST" skipped="0">
  <testcase classname="tests.testCase" name="testCase1" time="20.245"/>
  <system-out/>
</testsuite> <!-- tests.testCase -->
